2014-11-07 21:44:39 Debug: The user admin (ID: 1) edited user (ID: 2)
2014-11-10 21:39:00 Debug: The user admin (ID: 1) edited user (ID: 2)
2014-11-10 21:40:17 Debug: The user admin (ID: 1) edited user (ID: 2)
2014-11-11 03:49:50 Debug: Notice (8): Undefined variable: html in [H:\UniServerZ\www\TP2-MSP\app\View\Elements\nav.ctp, line 58]
Trace:
include - APP\View\Elements\nav.ctp, line 58
View::_evaluate() - CORE\Cake\View\View.php, line 931
View::_render() - CORE\Cake\View\View.php, line 893
View::_renderElement() - CORE\Cake\View\View.php, line 1191
View::element() - CORE\Cake\View\View.php, line 408
include - APP\View\Layouts\default.ctp, line 31
View::_evaluate() - CORE\Cake\View\View.php, line 931
View::_render() - CORE\Cake\View\View.php, line 893
View::renderLayout() - CORE\Cake\View\View.php, line 525
View::render() - CORE\Cake\View\View.php, line 470
Controller::render() - CORE\Cake\Controller\Controller.php, line 952
Dispatcher::_invoke() - CORE\Cake\Routing\Dispatcher.php, line 194
Dispatcher::dispatch() - CORE\Cake\Routing\Dispatcher.php, line 162
[main] - APP\webroot\index.php, line 111

2014-11-11 03:49:50 Debug: Notice (8): Undefined variable: html in [H:\UniServerZ\www\TP2-MSP\app\View\Elements\nav.ctp, line 58]
Trace:
include - APP\View\Elements\nav.ctp, line 58
View::_evaluate() - CORE\Cake\View\View.php, line 931
View::_render() - CORE\Cake\View\View.php, line 893
View::_renderElement() - CORE\Cake\View\View.php, line 1191
View::element() - CORE\Cake\View\View.php, line 408
include - APP\View\Layouts\default.ctp, line 31
View::_evaluate() - CORE\Cake\View\View.php, line 931
View::_render() - CORE\Cake\View\View.php, line 893
View::renderLayout() - CORE\Cake\View\View.php, line 525
View::render() - CORE\Cake\View\View.php, line 470
Controller::render() - CORE\Cake\Controller\Controller.php, line 952
ExceptionRenderer::_outputMessage() - CORE\Cake\Error\ExceptionRenderer.php, line 276
ExceptionRenderer::error500() - CORE\Cake\Error\ExceptionRenderer.php, line 245
ExceptionRenderer::render() - CORE\Cake\Error\ExceptionRenderer.php, line 178
ErrorHandler::handleException() - CORE\Cake\Error\ErrorHandler.php, line 122
call_user_func - [internal], line ??
ErrorHandler::handleFatalError() - CORE\Cake\Error\ErrorHandler.php, line 256
ErrorHandler::handleError() - CORE\Cake\Error\ErrorHandler.php, line 205
call_user_func - [internal], line ??
App::_checkFatalError() - CORE\Cake\Core\App.php, line 931
App::shutdown() - CORE\Cake\Core\App.php, line 904
[main] - [internal], line ??

2014-11-11 03:49:54 Debug: Notice (8): Undefined variable: html in [H:\UniServerZ\www\TP2-MSP\app\View\Elements\nav.ctp, line 58]
Trace:
include - APP\View\Elements\nav.ctp, line 58
View::_evaluate() - CORE\Cake\View\View.php, line 931
View::_render() - CORE\Cake\View\View.php, line 893
View::_renderElement() - CORE\Cake\View\View.php, line 1191
View::element() - CORE\Cake\View\View.php, line 408
include - APP\View\Layouts\default.ctp, line 31
View::_evaluate() - CORE\Cake\View\View.php, line 931
View::_render() - CORE\Cake\View\View.php, line 893
View::renderLayout() - CORE\Cake\View\View.php, line 525
View::render() - CORE\Cake\View\View.php, line 470
Controller::render() - CORE\Cake\Controller\Controller.php, line 952
Dispatcher::_invoke() - CORE\Cake\Routing\Dispatcher.php, line 194
Dispatcher::dispatch() - CORE\Cake\Routing\Dispatcher.php, line 162
[main] - APP\webroot\index.php, line 111

2014-11-11 03:49:54 Debug: Notice (8): Undefined variable: html in [H:\UniServerZ\www\TP2-MSP\app\View\Elements\nav.ctp, line 58]
Trace:
include - APP\View\Elements\nav.ctp, line 58
View::_evaluate() - CORE\Cake\View\View.php, line 931
View::_render() - CORE\Cake\View\View.php, line 893
View::_renderElement() - CORE\Cake\View\View.php, line 1191
View::element() - CORE\Cake\View\View.php, line 408
include - APP\View\Layouts\default.ctp, line 31
View::_evaluate() - CORE\Cake\View\View.php, line 931
View::_render() - CORE\Cake\View\View.php, line 893
View::renderLayout() - CORE\Cake\View\View.php, line 525
View::render() - CORE\Cake\View\View.php, line 470
Controller::render() - CORE\Cake\Controller\Controller.php, line 952
ExceptionRenderer::_outputMessage() - CORE\Cake\Error\ExceptionRenderer.php, line 276
ExceptionRenderer::error500() - CORE\Cake\Error\ExceptionRenderer.php, line 245
ExceptionRenderer::render() - CORE\Cake\Error\ExceptionRenderer.php, line 178
ErrorHandler::handleException() - CORE\Cake\Error\ErrorHandler.php, line 122
call_user_func - [internal], line ??
ErrorHandler::handleFatalError() - CORE\Cake\Error\ErrorHandler.php, line 256
ErrorHandler::handleError() - CORE\Cake\Error\ErrorHandler.php, line 205
call_user_func - [internal], line ??
App::_checkFatalError() - CORE\Cake\Core\App.php, line 931
App::shutdown() - CORE\Cake\Core\App.php, line 904
[main] - [internal], line ??

2014-11-11 03:50:12 Debug: Notice (8): Undefined variable: html in [H:\UniServerZ\www\TP2-MSP\app\View\Elements\nav.ctp, line 58]
Trace:
include - APP\View\Elements\nav.ctp, line 58
View::_evaluate() - CORE\Cake\View\View.php, line 931
View::_render() - CORE\Cake\View\View.php, line 893
View::_renderElement() - CORE\Cake\View\View.php, line 1191
View::element() - CORE\Cake\View\View.php, line 408
include - APP\View\Layouts\default.ctp, line 31
View::_evaluate() - CORE\Cake\View\View.php, line 931
View::_render() - CORE\Cake\View\View.php, line 893
View::renderLayout() - CORE\Cake\View\View.php, line 525
View::render() - CORE\Cake\View\View.php, line 470
Controller::render() - CORE\Cake\Controller\Controller.php, line 952
Dispatcher::_invoke() - CORE\Cake\Routing\Dispatcher.php, line 194
Dispatcher::dispatch() - CORE\Cake\Routing\Dispatcher.php, line 162
[main] - APP\webroot\index.php, line 111

2014-11-11 03:50:12 Debug: Notice (8): Undefined variable: html in [H:\UniServerZ\www\TP2-MSP\app\View\Elements\nav.ctp, line 58]
Trace:
include - APP\View\Elements\nav.ctp, line 58
View::_evaluate() - CORE\Cake\View\View.php, line 931
View::_render() - CORE\Cake\View\View.php, line 893
View::_renderElement() - CORE\Cake\View\View.php, line 1191
View::element() - CORE\Cake\View\View.php, line 408
include - APP\View\Layouts\default.ctp, line 31
View::_evaluate() - CORE\Cake\View\View.php, line 931
View::_render() - CORE\Cake\View\View.php, line 893
View::renderLayout() - CORE\Cake\View\View.php, line 525
View::render() - CORE\Cake\View\View.php, line 470
Controller::render() - CORE\Cake\Controller\Controller.php, line 952
ExceptionRenderer::_outputMessage() - CORE\Cake\Error\ExceptionRenderer.php, line 276
ExceptionRenderer::error500() - CORE\Cake\Error\ExceptionRenderer.php, line 245
ExceptionRenderer::render() - CORE\Cake\Error\ExceptionRenderer.php, line 178
ErrorHandler::handleException() - CORE\Cake\Error\ErrorHandler.php, line 122
call_user_func - [internal], line ??
ErrorHandler::handleFatalError() - CORE\Cake\Error\ErrorHandler.php, line 256
ErrorHandler::handleError() - CORE\Cake\Error\ErrorHandler.php, line 205
call_user_func - [internal], line ??
App::_checkFatalError() - CORE\Cake\Core\App.php, line 931
App::shutdown() - CORE\Cake\Core\App.php, line 904
[main] - [internal], line ??

2014-11-11 03:50:59 Debug: Notice (8): Undefined variable: html in [H:\UniServerZ\www\TP2-MSP\app\View\Elements\nav.ctp, line 57]
Trace:
include - APP\View\Elements\nav.ctp, line 57
View::_evaluate() - CORE\Cake\View\View.php, line 931
View::_render() - CORE\Cake\View\View.php, line 893
View::_renderElement() - CORE\Cake\View\View.php, line 1191
View::element() - CORE\Cake\View\View.php, line 408
include - APP\View\Layouts\default.ctp, line 31
View::_evaluate() - CORE\Cake\View\View.php, line 931
View::_render() - CORE\Cake\View\View.php, line 893
View::renderLayout() - CORE\Cake\View\View.php, line 525
View::render() - CORE\Cake\View\View.php, line 470
Controller::render() - CORE\Cake\Controller\Controller.php, line 952
Dispatcher::_invoke() - CORE\Cake\Routing\Dispatcher.php, line 194
Dispatcher::dispatch() - CORE\Cake\Routing\Dispatcher.php, line 162
[main] - APP\webroot\index.php, line 111

2014-11-11 03:50:59 Debug: Notice (8): Undefined variable: html in [H:\UniServerZ\www\TP2-MSP\app\View\Elements\nav.ctp, line 57]
Trace:
include - APP\View\Elements\nav.ctp, line 57
View::_evaluate() - CORE\Cake\View\View.php, line 931
View::_render() - CORE\Cake\View\View.php, line 893
View::_renderElement() - CORE\Cake\View\View.php, line 1191
View::element() - CORE\Cake\View\View.php, line 408
include - APP\View\Layouts\default.ctp, line 31
View::_evaluate() - CORE\Cake\View\View.php, line 931
View::_render() - CORE\Cake\View\View.php, line 893
View::renderLayout() - CORE\Cake\View\View.php, line 525
View::render() - CORE\Cake\View\View.php, line 470
Controller::render() - CORE\Cake\Controller\Controller.php, line 952
ExceptionRenderer::_outputMessage() - CORE\Cake\Error\ExceptionRenderer.php, line 276
ExceptionRenderer::error500() - CORE\Cake\Error\ExceptionRenderer.php, line 245
ExceptionRenderer::render() - CORE\Cake\Error\ExceptionRenderer.php, line 178
ErrorHandler::handleException() - CORE\Cake\Error\ErrorHandler.php, line 122
call_user_func - [internal], line ??
ErrorHandler::handleFatalError() - CORE\Cake\Error\ErrorHandler.php, line 256
ErrorHandler::handleError() - CORE\Cake\Error\ErrorHandler.php, line 205
call_user_func - [internal], line ??
App::_checkFatalError() - CORE\Cake\Core\App.php, line 931
App::shutdown() - CORE\Cake\Core\App.php, line 904
[main] - [internal], line ??

2014-11-11 03:51:06 Debug: Notice (8): Undefined variable: html in [H:\UniServerZ\www\TP2-MSP\app\View\Elements\nav.ctp, line 57]
Trace:
include - APP\View\Elements\nav.ctp, line 57
View::_evaluate() - CORE\Cake\View\View.php, line 931
View::_render() - CORE\Cake\View\View.php, line 893
View::_renderElement() - CORE\Cake\View\View.php, line 1191
View::element() - CORE\Cake\View\View.php, line 408
include - APP\View\Layouts\default.ctp, line 31
View::_evaluate() - CORE\Cake\View\View.php, line 931
View::_render() - CORE\Cake\View\View.php, line 893
View::renderLayout() - CORE\Cake\View\View.php, line 525
View::render() - CORE\Cake\View\View.php, line 470
Controller::render() - CORE\Cake\Controller\Controller.php, line 952
Dispatcher::_invoke() - CORE\Cake\Routing\Dispatcher.php, line 194
Dispatcher::dispatch() - CORE\Cake\Routing\Dispatcher.php, line 162
[main] - APP\webroot\index.php, line 111

2014-11-11 03:51:06 Debug: Notice (8): Undefined variable: html in [H:\UniServerZ\www\TP2-MSP\app\View\Elements\nav.ctp, line 57]
Trace:
include - APP\View\Elements\nav.ctp, line 57
View::_evaluate() - CORE\Cake\View\View.php, line 931
View::_render() - CORE\Cake\View\View.php, line 893
View::_renderElement() - CORE\Cake\View\View.php, line 1191
View::element() - CORE\Cake\View\View.php, line 408
include - APP\View\Layouts\default.ctp, line 31
View::_evaluate() - CORE\Cake\View\View.php, line 931
View::_render() - CORE\Cake\View\View.php, line 893
View::renderLayout() - CORE\Cake\View\View.php, line 525
View::render() - CORE\Cake\View\View.php, line 470
Controller::render() - CORE\Cake\Controller\Controller.php, line 952
ExceptionRenderer::_outputMessage() - CORE\Cake\Error\ExceptionRenderer.php, line 276
ExceptionRenderer::error500() - CORE\Cake\Error\ExceptionRenderer.php, line 245
ExceptionRenderer::render() - CORE\Cake\Error\ExceptionRenderer.php, line 178
ErrorHandler::handleException() - CORE\Cake\Error\ErrorHandler.php, line 122
call_user_func - [internal], line ??
ErrorHandler::handleFatalError() - CORE\Cake\Error\ErrorHandler.php, line 256
ErrorHandler::handleError() - CORE\Cake\Error\ErrorHandler.php, line 205
call_user_func - [internal], line ??
App::_checkFatalError() - CORE\Cake\Core\App.php, line 931
App::shutdown() - CORE\Cake\Core\App.php, line 904
[main] - [internal], line ??

